<?xml version="1.0" encoding="UTF-8"?>
<!-- Generated by org.testng.reporters.JUnitXMLReporter -->
<testsuite ignored="0" hostname="MSI" failures="1" tests="1" name="Default test" time="40.542" errors="0" timestamp="2025-05-28T04:01:45 IST">
  <testcase classname="io.cucumber.testng.AbstractTestNGCucumberTests" name="runScenario" time="40.116">
    <failure type="java.lang.AssertionError" message="Cart count 11 does not match selected products 11">
      <![CDATA[java.lang.AssertionError: Cart count 11 does not match selected products 11
at StepActions.stepActions.verifyCartCount(stepActions.java:72)
at stepDefinition.stepDefinitions.verifyCartCountMatchesSelection(stepDefinitions.java:37)
at ✽.verifying the number on the cart matches number of products selected(file:///C:/Users/manav/miniProject/src/test/resources/features/Project.feature:9)
]]>
    </failure>
  </testcase> <!-- runScenario -->
</testsuite> <!-- Default test -->
