<?xml version="1.0" encoding="UTF-8"?>
<testsuite xmlns:xsi="http://www.w3.org/2001/XMLSchema-instance" xsi:noNamespaceSchemaLocation="https://maven.apache.org/surefire/maven-surefire-plugin/xsd/surefire-test-report.xsd" version="3.0.2" name="TestSuite" time="60.259" tests="1" errors="0" skipped="0" failures="0">
  <properties>
[...]
</properties>
  <testcase name="runScenario[&quot;Successful purchase of jackets from Magento&quot;, &quot;End-to-End Purchase Flow on Magento&quot;](1)" classname="testRunner.Runner" time="59.12">
    <system-out><![CDATA[
Scenario: Successful purchase of jackets from Magento                       # src/test/resources/features/Project.feature:3
  Given the user is on the homepage and clicks Sign In                      # stepDefinition.stepDefinitions.openUrlAndClickOnSignIn()
  When the user logs in with valid credentials                              # stepDefinition.stepDefinitions.logInWithValidCredentials()
  And navigates to the Men Jackets section                                  # stepDefinition.stepDefinitions.navigateToMenJacketsSection()
Box 1 added to cart.
Box 2 added to cart.
Box 3 added to cart.
  And select all jackets                                                    # stepDefinition.stepDefinitions.selectAllJacketsFromMen()
Total Price: $134.0
  And adds up all the prices                                                # stepDefinition.stepDefinitions.Addtheprices()
  And the cart should show a remove button for each item                    # stepDefinition.stepDefinitions.checkRemoveOptionInCart()
  When the user proceeds to checkout                                        # stepDefinition.stepDefinitions.proceedToCheckout()
Waiting for First Name field to be visible...
Filling First Name with value: John
Waiting for Last Name field to be visible...
Filling Last Name with value: Snow
Waiting for Company field to be visible...
Filling Company with value: CastleBlack
Waiting for Address Line 1 field to be visible...
Filling Address Line 1 with value: 123 Greenfield Avenue, Building B
Waiting for Address Line 2 field to be visible...
Filling Address Line 2 with value: Floor 3, Near City Center
Waiting for Address Line 3 field to be visible...
Filling Address Line 3 with value: Park View Residency, Sector 17
Waiting for City field to be visible...
Filling City with value: Banglore
Waiting for Zipcode field to be visible...
Filling Zipcode with value: 12345
Waiting for Phone No field to be visible...
Filling Phone No with value: 1234567890
Waiting for Country option to be clickable...
Waiting for State option to be clickable...
Clicking Next button...
  And fills in personal details and clicks Next                             # stepDefinition.stepDefinitions.fillInPersonalDetails()
  Then the payment info, shipping info, and total price should be displayed # stepDefinition.stepDefinitions.verifyPaymentInfoShippingInfoVisibility()
Checkbox is already selected.
  When the user clicks on Place Order                                       # stepDefinition.stepDefinitions.clickOnPlaceOrder()
order has been placed
  Then the order confirmation message should be displayed                   # stepDefinition.stepDefinitions.getOrderConfirmationMessage()
]]></system-out>
    <system-err><![CDATA[SLF4J(W): No SLF4J providers were found.
SLF4J(W): Defaulting to no-operation (NOP) logger implementation
SLF4J(W): See https://www.slf4j.org/codes.html#noProviders for further details.
May 30, 2025 1:03:30 AM org.openqa.selenium.devtools.CdpVersionFinder findNearestMatch
WARNING: Unable to find CDP implementation matching 136
May 30, 2025 1:03:30 AM org.openqa.selenium.chromium.ChromiumDriver lambda$new$5
WARNING: Unable to find version of CDP to use for 136.0.7103.114. You may need to include a dependency on a specific version of the CDP using something similar to `org.seleniumhq.selenium:selenium-devtools-v86:4.21.0` where the version ("v86") matches the version of the chromium-based browser you're using and the version number of the artifact is the same as Selenium's.
]]></system-err>
  </testcase>
</testsuite>