<?xml version="1.0" encoding="UTF-8"?>
<testng-results ignored="0" total="1" passed="0" failed="1" skipped="0">
  <reporter-output>
  </reporter-output>
  <suite started-at="2025-05-29T18:12:49 IST" name="Default suite" finished-at="2025-05-29T18:13:55 IST" duration-ms="66524">
    <groups>
      <group name="cucumber">
        <method signature="AbstractTestNGCucumberTests.runScenario(io.cucumber.testng.PickleWrapper,io.cucumber.testng.FeatureWrapper)[pri:0, instance:testRunner.Runner@6743e411]" name="runScenario" class="io.cucumber.testng.AbstractTestNGCucumberTests"/>
      </group> <!-- cucumber -->
    </groups>
    <test started-at="2025-05-29T18:12:49 IST" name="Default test" finished-at="2025-05-29T18:13:55 IST" duration-ms="66524">
      <class name="testRunner.Runner">
        <test-method is-config="true" signature="setUpClass(org.testng.ITestContext)[pri:0, instance:testRunner.Runner@6743e411]" started-at="2025-05-29T18:12:49 IST" name="setUpClass" finished-at="2025-05-29T18:12:49 IST" duration-ms="395" status="PASS">
          <params>
            <param index="0">
              <value>
                <![CDATA[org.testng.TestRunner@76332405]]>
              </value>
            </param>
          </params>
          <reporter-output>
          </reporter-output>
        </test-method> <!-- setUpClass -->
        <test-method signature="runScenario(io.cucumber.testng.PickleWrapper,io.cucumber.testng.FeatureWrapper)[pri:0, instance:testRunner.Runner@6743e411]" started-at="2025-05-29T18:12:49 IST" name="runScenario" description="Runs Cucumber Scenarios" data-provider="scenarios" finished-at="2025-05-29T18:13:55 IST" duration-ms="66079" status="FAIL">
          <params>
            <param index="0">
              <value>
                <![CDATA["Successful purchase of jackets from Magneto"]]>
              </value>
            </param>
            <param index="1">
              <value>
                <![CDATA["End-to-End Purchase Flow on Magneto"]]>
              </value>
            </param>
          </params>
          <exception class="java.lang.AssertionError">
            <message>
              <![CDATA[expected [true] but found [false]]]>
            </message>
            <full-stacktrace>
              <![CDATA[java.lang.AssertionError: expected [true] but found [false]
at org.testng.Assert.fail(Assert.java:111)
at org.testng.Assert.failNotEquals(Assert.java:1590)
at org.testng.Assert.assertTrue(Assert.java:57)
at org.testng.Assert.assertTrue(Assert.java:67)
at StepActions.stepActions.verifyOrderConfirmationMessage(stepActions.java:123)
at stepDefinition.stepDefinitions.getOrderConfirmationMessage(stepDefinitions.java:78)
at ✽.get the order confirmation message(file:///C:/Users/manav/miniProject/src/test/resources/features/Project.feature:17)
]]>
            </full-stacktrace>
          </exception> <!-- java.lang.AssertionError -->
          <reporter-output>
          </reporter-output>
        </test-method> <!-- runScenario -->
        <test-method is-config="true" signature="tearDownClass()[pri:0, instance:testRunner.Runner@6743e411]" started-at="2025-05-29T18:13:55 IST" name="tearDownClass" finished-at="2025-05-29T18:13:55 IST" duration-ms="15" status="PASS">
          <reporter-output>
          </reporter-output>
        </test-method> <!-- tearDownClass -->
      </class> <!-- testRunner.Runner -->
    </test> <!-- Default test -->
  </suite> <!-- Default suite -->
</testng-results>
