<?xml version="1.0" encoding="UTF-8"?>
<!-- Generated by org.testng.reporters.JUnitReportReporter -->
<testsuite hostname="MSI" failures="1" tests="1" name="testRunner.Runner" time="40.116" errors="0" timestamp="2025-05-28T04:01:46 IST" skipped="0">
  <testcase classname="testRunner.Runner" name="runScenario" time="40.116">
    <failure message="Cart count 11 does not match selected products 11" type="java.lang.AssertionError">
      <![CDATA[java.lang.AssertionError: Cart count 11 does not match selected products 11
at StepActions.stepActions.verifyCartCount(stepActions.java:72)
at stepDefinition.stepDefinitions.verifyCartCountMatchesSelection(stepDefinitions.java:37)
at ✽.verifying the number on the cart matches number of products selected(file:///C:/Users/manav/miniProject/src/test/resources/features/Project.feature:9)
]]>
    </failure>
  </testcase> <!-- runScenario -->
</testsuite> <!-- testRunner.Runner -->
